#
# There is insufficient memory for the Java Runtime Environment to continue.
# Native memory allocation (malloc) failed to allocate 32744 bytes. Error detail: Chunk::new
# Possible reasons:
#   The system is out of physical RAM or swap space
#   This process is running with CompressedOops enabled, and the Java Heap may be blocking the growth of the native heap
# Possible solutions:
#   Reduce memory load on the system
#   Increase physical memory or swap space
#   Check if swap backing store is full
#   Decrease Java heap size (-Xmx/-Xms)
#   Decrease number of Java threads
#   Decrease Java thread stack sizes (-Xss)
#   Set larger code cache with -XX:ReservedCodeCacheSize=
#   JVM is running with Zero Based Compressed Oops mode in which the Java heap is
#     placed in the first 32GB address space. The Java Heap base address is the
#     maximum limit for the native heap growth. Please use -XX:HeapBaseMinAddress
#     to set the Java Heap base and to place the Java Heap above 32GB virtual address.
# This output file may be truncated or incomplete.
#
#  Out of Memory Error (arena.cpp:168), pid=9604, tid=25960
#
# JRE version: OpenJDK Runtime Environment Temurin-21.0.4+7 (21.0.4+7) (build 21.0.4+7-LTS)
# Java VM: OpenJDK 64-Bit Server VM Temurin-21.0.4+7 (21.0.4+7-LTS, mixed mode, sharing, tiered, compressed oops, compressed class ptrs, g1 gc, windows-amd64)
# No core dump will be written. Minidumps are not enabled by default on client versions of Windows
#

---------------  S U M M A R Y ------------

Command Line: -Dfile.encoding=UTF-8 -Dstdout.encoding=UTF-8 -Dstderr.encoding=UTF-8 --module-path=D:\GitHub\PTTKHTTT_2024-2025\bin;D:\GitHub\PTTKHTTT_2024-2025\mysql-connector-j-9.2.0.jar;D:\GitHub\PTTKHTTT_2024-2025\lib\commons-collections4-4.4.jar;D:\GitHub\PTTKHTTT_2024-2025\lib\commons-compress-1.21.jar;D:\GitHub\PTTKHTTT_2024-2025\lib\commons-codec-1.15.jar;D:\GitHub\PTTKHTTT_2024-2025\lib\commons-io-2.11.0.jar;D:\GitHub\PTTKHTTT_2024-2025\lib\commons-logging-1.2.jar;D:\GitHub\PTTKHTTT_2024-2025\lib\commons-math3-3.6.1.jar;D:\GitHub\PTTKHTTT_2024-2025\lib\curvesapi-1.07.jar;D:\GitHub\PTTKHTTT_2024-2025\lib\itextpdf-5.5.13.4.jar;D:\GitHub\PTTKHTTT_2024-2025\lib\jakarta.activation-2.0.1.jar;D:\GitHub\PTTKHTTT_2024-2025\lib\jakarta.xml.bind-api-3.0.1.jar;D:\GitHub\PTTKHTTT_2024-2025\lib\log4j-api-2.18.0.jar;D:\GitHub\PTTKHTTT_2024-2025\lib\log4j-api-2.24.3.jar;D:\GitHub\PTTKHTTT_2024-2025\lib\log4j-api-test-2.24.3.jar;D:\GitHub\PTTKHTTT_2024-2025\lib\log4j-core-2.24.3.jar;D:\GitHub\PTTKHTTT_2024-2025\lib\log4j-core-test-2.24.3.jar;D:\GitHub\PTTKHTTT_2024-2025\lib\poi-5.2.3.jar;D:\GitHub\PTTKHTTT_2024-2025\lib\poi-examples-5.2.3.jar;D:\GitHub\PTTKHTTT_2024-2025\lib\poi-excelant-5.2.3.jar;D:\GitHub\PTTKHTTT_2024-2025\lib\poi-javadoc-5.2.3.jar;D:\GitHub\PTTKHTTT_2024-2025\lib\poi-ooxml-5.2.3.jar;D:\GitHub\PTTKHTTT_2024-2025\lib\poi-ooxml-full-5.2.3.jar;D:\GitHub\PTTKHTTT_2024-2025\lib\poi-ooxml-lite-5.2.3.jar;D:\GitHub\PTTKHTTT_2024-2025\lib\poi-scratchpad-5.2.3.jar;D:\GitHub\PTTKHTTT_2024-2025\lib\slf4j-api-1.7.36.jar;D:\GitHub\PTTKHTTT_2024-2025\lib\SparseBitSet-1.2.jar;D:\GitHub\PTTKHTTT_2024-2025\lib\xmlbeans-5.1.1.jar;D:\GitHub\PTTKHTTT_2024-2025\lib\jcalendar-1.4.jar;D:\GitHub\PTTKHTTT_2024-2025\lib\jfreechart-1.5.3.jar;D:\GitHub\PTTKHTTT_2024-2025\lib\jfreechart-1.5.5-javadoc.jar;D:\GitHub\PTTKHTTT_2024-2025\lib\jfreechart-1.5.5-sources.jar;D:\GitHub\PTTKHTTT_2024-2025\lib\jcommon-1.0.23.jar -XX:+ShowCodeDetailsInExceptionMessages -Djdk.module.main=QLBanGiay QLBanGiay/GUI.MainGUI

Host: 11th Gen Intel(R) Core(TM) i5-11400H @ 2.70GHz, 12 cores, 15G,  Windows 11 , 64 bit Build 22621 (10.0.22621.5124)
Time: Sat May 10 21:00:53 2025 SE Asia Standard Time elapsed time: 107.955830 seconds (0d 0h 1m 47s)

---------------  T H R E A D  ---------------

Current thread (0x0000022854ba7d90):  JavaThread "C2 CompilerThread0" daemon [_thread_in_native, id=25960, stack(0x0000009f8a800000,0x0000009f8a900000) (1024K)]


Current CompileTask:
C2: 107955 4665       4       java.awt.Toolkit$SelectiveAWTEventListener::eventDispatched (745 bytes)

Stack: [0x0000009f8a800000,0x0000009f8a900000]
Native frames: (J=compiled Java code, j=interpreted, Vv=VM code, C=native code)
V  [jvm.dll+0x6cbcf9]
V  [jvm.dll+0x8a5551]
V  [jvm.dll+0x8a7a7e]
V  [jvm.dll+0x8a8153]
V  [jvm.dll+0x27eca6]
V  [jvm.dll+0xc4aad]
V  [jvm.dll+0xc4fe3]
V  [jvm.dll+0x6f769a]
V  [jvm.dll+0x1dfa66]
V  [jvm.dll+0x247262]
V  [jvm.dll+0x2466ef]
V  [jvm.dll+0x1c6f7e]
V  [jvm.dll+0x255e7a]
V  [jvm.dll+0x25441a]
V  [jvm.dll+0x3eeef6]
V  [jvm.dll+0x84f17b]
V  [jvm.dll+0x6ca3fd]
C  [ucrtbase.dll+0x29333]
C  [KERNEL32.DLL+0x1259d]
C  [ntdll.dll+0x5af38]


---------------  P R O C E S S  ---------------

Threads class SMR info:
_java_thread_list=0x000002289a632fe0, length=17, elements={
0x0000022854b91ee0, 0x0000022854b92b00, 0x0000022854b96e00, 0x0000022854b97560,
0x0000022854ba0e20, 0x0000022854ba3590, 0x0000022854ba7d90, 0x0000022854baa880,
0x000002289a0a8950, 0x000002289ad4b5c0, 0x000002289a80bbb0, 0x000002289ac55d50,
0x000002289ac567d0, 0x000002289abc0280, 0x0000022833241b40, 0x000002289ab485a0,
0x000002289b7d4440
}

Java Threads: ( => current thread )
  0x0000022854b91ee0 JavaThread "Reference Handler"          daemon [_thread_blocked, id=12220, stack(0x0000009f8a200000,0x0000009f8a300000) (1024K)]
  0x0000022854b92b00 JavaThread "Finalizer"                  daemon [_thread_blocked, id=41588, stack(0x0000009f8a300000,0x0000009f8a400000) (1024K)]
  0x0000022854b96e00 JavaThread "Signal Dispatcher"          daemon [_thread_blocked, id=9592, stack(0x0000009f8a400000,0x0000009f8a500000) (1024K)]
  0x0000022854b97560 JavaThread "Attach Listener"            daemon [_thread_blocked, id=34436, stack(0x0000009f8a500000,0x0000009f8a600000) (1024K)]
  0x0000022854ba0e20 JavaThread "Service Thread"             daemon [_thread_blocked, id=38636, stack(0x0000009f8a600000,0x0000009f8a700000) (1024K)]
  0x0000022854ba3590 JavaThread "Monitor Deflation Thread"   daemon [_thread_blocked, id=4336, stack(0x0000009f8a700000,0x0000009f8a800000) (1024K)]
=>0x0000022854ba7d90 JavaThread "C2 CompilerThread0"         daemon [_thread_in_native, id=25960, stack(0x0000009f8a800000,0x0000009f8a900000) (1024K)]
  0x0000022854baa880 JavaThread "C1 CompilerThread0"         daemon [_thread_blocked, id=1988, stack(0x0000009f8a900000,0x0000009f8aa00000) (1024K)]
  0x000002289a0a8950 JavaThread "Common-Cleaner"             daemon [_thread_blocked, id=3096, stack(0x0000009f8aa00000,0x0000009f8ab00000) (1024K)]
  0x000002289ad4b5c0 JavaThread "Notification Thread"        daemon [_thread_blocked, id=31504, stack(0x0000009f8b200000,0x0000009f8b300000) (1024K)]
  0x000002289a80bbb0 JavaThread "Java2D Disposer"            daemon [_thread_blocked, id=12836, stack(0x0000009f8b300000,0x0000009f8b400000) (1024K)]
  0x000002289ac55d50 JavaThread "AWT-Shutdown"                      [_thread_blocked, id=38700, stack(0x0000009f8b400000,0x0000009f8b500000) (1024K)]
  0x000002289ac567d0 JavaThread "AWT-Windows"                daemon [_thread_in_native, id=11196, stack(0x0000009f8b500000,0x0000009f8b600000) (1024K)]
  0x000002289abc0280 JavaThread "AWT-EventQueue-0"                  [_thread_blocked, id=4168, stack(0x0000009f8b600000,0x0000009f8b700000) (1024K)]
  0x0000022833241b40 JavaThread "DestroyJavaVM"                     [_thread_blocked, id=34480, stack(0x0000009f89a00000,0x0000009f89b00000) (1024K)]
  0x000002289ab485a0 JavaThread "TimerQueue"                 daemon [_thread_blocked, id=34832, stack(0x0000009f8b800000,0x0000009f8b900000) (1024K)]
  0x000002289b7d4440 JavaThread "mysql-cj-abandoned-connection-cleanup" daemon [_thread_blocked, id=2200, stack(0x0000009f8b900000,0x0000009f8ba00000) (1024K)]
Total: 17

Other Threads:
  0x0000022854b76b50 VMThread "VM Thread"                           [id=5296, stack(0x0000009f8a100000,0x0000009f8a200000) (1024K)]
  0x0000022854b5ccb0 WatcherThread "VM Periodic Task Thread"        [id=35160, stack(0x0000009f8a000000,0x0000009f8a100000) (1024K)]
  0x00000228335166c0 WorkerThread "GC Thread#0"                     [id=37424, stack(0x0000009f89b00000,0x0000009f89c00000) (1024K)]
  0x000002289a291550 WorkerThread "GC Thread#1"                     [id=37936, stack(0x0000009f8ad00000,0x0000009f8ae00000) (1024K)]
  0x000002289ad6f5a0 WorkerThread "GC Thread#2"                     [id=14820, stack(0x0000009f8ae00000,0x0000009f8af00000) (1024K)]
  0x000002289ad6f940 WorkerThread "GC Thread#3"                     [id=40992, stack(0x0000009f8af00000,0x0000009f8b000000) (1024K)]
  0x000002289a98f950 WorkerThread "GC Thread#4"                     [id=40244, stack(0x0000009f8b000000,0x0000009f8b100000) (1024K)]
  0x000002289a98fcf0 WorkerThread "GC Thread#5"                     [id=40504, stack(0x0000009f8b100000,0x0000009f8b200000) (1024K)]
  0x000002289b14aa50 WorkerThread "GC Thread#6"                     [id=17244, stack(0x0000009f8ba00000,0x0000009f8bb00000) (1024K)]
  0x000002289bbcea00 WorkerThread "GC Thread#7"                     [id=29196, stack(0x0000009f8bb00000,0x0000009f8bc00000) (1024K)]
  0x000002289ab46970 WorkerThread "GC Thread#8"                     [id=7748, stack(0x0000009f8bc00000,0x0000009f8bd00000) (1024K)]
  0x000002289b5399a0 WorkerThread "GC Thread#9"                     [id=28620, stack(0x0000009f8bd00000,0x0000009f8be00000) (1024K)]
  0x0000022833528460 ConcurrentGCThread "G1 Main Marker"            [id=38348, stack(0x0000009f89c00000,0x0000009f89d00000) (1024K)]
  0x0000022833529700 WorkerThread "G1 Conc#0"                       [id=35904, stack(0x0000009f89d00000,0x0000009f89e00000) (1024K)]
  0x000002283356ea70 ConcurrentGCThread "G1 Refine#0"               [id=23016, stack(0x0000009f89e00000,0x0000009f89f00000) (1024K)]
  0x0000022854a30440 ConcurrentGCThread "G1 Service"                [id=39308, stack(0x0000009f89f00000,0x0000009f8a000000) (1024K)]
Total: 16

Threads with active compile tasks:
C2 CompilerThread0   107985 4665       4       java.awt.Toolkit$SelectiveAWTEventListener::eventDispatched (745 bytes)
Total: 1

VM state: not at safepoint (normal execution)

VM Mutex/Monitor currently owned by a thread: None

Heap address: 0x0000000704000000, size: 4032 MB, Compressed Oops mode: Zero based, Oop shift amount: 3

CDS archive(s) mapped at: [0x0000022855000000-0x0000022855c90000-0x0000022855c90000), size 13172736, SharedBaseAddress: 0x0000022855000000, ArchiveRelocationMode: 1.
Compressed class space mapped at: 0x0000022856000000-0x0000022896000000, reserved size: 1073741824
Narrow klass base: 0x0000022855000000, Narrow klass shift: 0, Narrow klass range: 0x100000000

GC Precious Log:
 CardTable entry size: 512
 Card Set container configuration: InlinePtr #cards 4 size 8 Array Of Cards #cards 16 size 48 Howl #buckets 8 coarsen threshold 3686 Howl Bitmap #cards 512 size 80 coarsen threshold 460 Card regions per heap region 1 cards per card region 4096
 CPUs: 12 total, 12 available
 Memory: 16122M
 Large Page Support: Disabled
 NUMA Support: Disabled
 Compressed Oops: Enabled (Zero based)
 Heap Region Size: 2M
 Heap Min Capacity: 8M
 Heap Initial Capacity: 252M
 Heap Max Capacity: 4032M
 Pre-touch: Disabled
 Parallel Workers: 10
 Concurrent Workers: 3
 Concurrent Refinement Workers: 10
 Periodic GC: Disabled

Heap:
 garbage-first heap   total 258048K, used 58893K [0x0000000704000000, 0x0000000800000000)
  region size 2048K, 25 young (51200K), 3 survivors (6144K)
 Metaspace       used 20054K, committed 20288K, reserved 1114112K
  class space    used 2158K, committed 2240K, reserved 1048576K

Heap Regions: E=young(eden), S=young(survivor), O=old, HS=humongous(starts), HC=humongous(continues), CS=collection set, F=free, TAMS=top-at-mark-start, PB=parsable bottom
|   0|0x0000000704000000, 0x0000000704000000, 0x0000000704200000|  0%| F|  |TAMS 0x0000000704000000| PB 0x0000000704000000| Untracked 
|   1|0x0000000704200000, 0x0000000704400000, 0x0000000704400000|100%|HS|  |TAMS 0x0000000704200000| PB 0x0000000704200000| Complete 
|   2|0x0000000704400000, 0x00000007045836e8, 0x0000000704600000| 75%| O|  |TAMS 0x0000000704400000| PB 0x0000000704400000| Untracked 
|   3|0x0000000704600000, 0x0000000704800000, 0x0000000704800000|100%|HS|  |TAMS 0x0000000704600000| PB 0x0000000704600000| Complete 
|   4|0x0000000704800000, 0x0000000704a00000, 0x0000000704a00000|100%|HC|  |TAMS 0x0000000704800000| PB 0x0000000704800000| Complete 
|   5|0x0000000704a00000, 0x0000000704c00000, 0x0000000704c00000|100%|HC|  |TAMS 0x0000000704a00000| PB 0x0000000704a00000| Complete 
|   6|0x0000000704c00000, 0x0000000704e00000, 0x0000000704e00000|100%|HC|  |TAMS 0x0000000704c00000| PB 0x0000000704c00000| Complete 
|   7|0x0000000704e00000, 0x0000000704e00000, 0x0000000705000000|  0%| F|  |TAMS 0x0000000704e00000| PB 0x0000000704e00000| Untracked 
|   8|0x0000000705000000, 0x0000000705000000, 0x0000000705200000|  0%| F|  |TAMS 0x0000000705000000| PB 0x0000000705000000| Untracked 
|   9|0x0000000705200000, 0x0000000705200000, 0x0000000705400000|  0%| F|  |TAMS 0x0000000705200000| PB 0x0000000705200000| Untracked 
|  10|0x0000000705400000, 0x0000000705400000, 0x0000000705600000|  0%| F|  |TAMS 0x0000000705400000| PB 0x0000000705400000| Untracked 
|  11|0x0000000705600000, 0x0000000705600000, 0x0000000705800000|  0%| F|  |TAMS 0x0000000705600000| PB 0x0000000705600000| Untracked 
|  12|0x0000000705800000, 0x0000000705800000, 0x0000000705a00000|  0%| F|  |TAMS 0x0000000705800000| PB 0x0000000705800000| Untracked 
|  13|0x0000000705a00000, 0x0000000705a00000, 0x0000000705c00000|  0%| F|  |TAMS 0x0000000705a00000| PB 0x0000000705a00000| Untracked 
|  14|0x0000000705c00000, 0x0000000705c00000, 0x0000000705e00000|  0%| F|  |TAMS 0x0000000705c00000| PB 0x0000000705c00000| Untracked 
|  15|0x0000000705e00000, 0x0000000705e00000, 0x0000000706000000|  0%| F|  |TAMS 0x0000000705e00000| PB 0x0000000705e00000| Untracked 
|  16|0x0000000706000000, 0x0000000706000000, 0x0000000706200000|  0%| F|  |TAMS 0x0000000706000000| PB 0x0000000706000000| Untracked 
|  17|0x0000000706200000, 0x0000000706200000, 0x0000000706400000|  0%| F|  |TAMS 0x0000000706200000| PB 0x0000000706200000| Untracked 
|  18|0x0000000706400000, 0x0000000706400000, 0x0000000706600000|  0%| F|  |TAMS 0x0000000706400000| PB 0x0000000706400000| Untracked 
|  19|0x0000000706600000, 0x0000000706600000, 0x0000000706800000|  0%| F|  |TAMS 0x0000000706600000| PB 0x0000000706600000| Untracked 
|  20|0x0000000706800000, 0x0000000706800000, 0x0000000706a00000|  0%| F|  |TAMS 0x0000000706800000| PB 0x0000000706800000| Untracked 
|  21|0x0000000706a00000, 0x0000000706a00000, 0x0000000706c00000|  0%| F|  |TAMS 0x0000000706a00000| PB 0x0000000706a00000| Untracked 
|  22|0x0000000706c00000, 0x0000000706c00000, 0x0000000706e00000|  0%| F|  |TAMS 0x0000000706c00000| PB 0x0000000706c00000| Untracked 
|  23|0x0000000706e00000, 0x0000000706e00000, 0x0000000707000000|  0%| F|  |TAMS 0x0000000706e00000| PB 0x0000000706e00000| Untracked 
|  24|0x0000000707000000, 0x0000000707000000, 0x0000000707200000|  0%| F|  |TAMS 0x0000000707000000| PB 0x0000000707000000| Untracked 
|  25|0x0000000707200000, 0x0000000707200000, 0x0000000707400000|  0%| F|  |TAMS 0x0000000707200000| PB 0x0000000707200000| Untracked 
|  26|0x0000000707400000, 0x0000000707400000, 0x0000000707600000|  0%| F|  |TAMS 0x0000000707400000| PB 0x0000000707400000| Untracked 
|  27|0x0000000707600000, 0x0000000707600000, 0x0000000707800000|  0%| F|  |TAMS 0x0000000707600000| PB 0x0000000707600000| Untracked 
|  28|0x0000000707800000, 0x0000000707800000, 0x0000000707a00000|  0%| F|  |TAMS 0x0000000707800000| PB 0x0000000707800000| Untracked 
|  29|0x0000000707a00000, 0x0000000707a00000, 0x0000000707c00000|  0%| F|  |TAMS 0x0000000707a00000| PB 0x0000000707a00000| Untracked 
|  30|0x0000000707c00000, 0x0000000707c00000, 0x0000000707e00000|  0%| F|  |TAMS 0x0000000707c00000| PB 0x0000000707c00000| Untracked 
|  31|0x0000000707e00000, 0x0000000707e00000, 0x0000000708000000|  0%| F|  |TAMS 0x0000000707e00000| PB 0x0000000707e00000| Untracked 
|  32|0x0000000708000000, 0x0000000708000000, 0x0000000708200000|  0%| F|  |TAMS 0x0000000708000000| PB 0x0000000708000000| Untracked 
|  33|0x0000000708200000, 0x0000000708200000, 0x0000000708400000|  0%| F|  |TAMS 0x0000000708200000| PB 0x0000000708200000| Untracked 
|  34|0x0000000708400000, 0x0000000708400000, 0x0000000708600000|  0%| F|  |TAMS 0x0000000708400000| PB 0x0000000708400000| Untracked 
|  35|0x0000000708600000, 0x0000000708600000, 0x0000000708800000|  0%| F|  |TAMS 0x0000000708600000| PB 0x0000000708600000| Untracked 
|  36|0x0000000708800000, 0x0000000708800000, 0x0000000708a00000|  0%| F|  |TAMS 0x0000000708800000| PB 0x0000000708800000| Untracked 
|  37|0x0000000708a00000, 0x0000000708a00000, 0x0000000708c00000|  0%| F|  |TAMS 0x0000000708a00000| PB 0x0000000708a00000| Untracked 
|  38|0x0000000708c00000, 0x0000000708c00000, 0x0000000708e00000|  0%| F|  |TAMS 0x0000000708c00000| PB 0x0000000708c00000| Untracked 
|  39|0x0000000708e00000, 0x0000000708e00000, 0x0000000709000000|  0%| F|  |TAMS 0x0000000708e00000| PB 0x0000000708e00000| Untracked 
|  40|0x0000000709000000, 0x0000000709000000, 0x0000000709200000|  0%| F|  |TAMS 0x0000000709000000| PB 0x0000000709000000| Untracked 
|  41|0x0000000709200000, 0x0000000709200000, 0x0000000709400000|  0%| F|  |TAMS 0x0000000709200000| PB 0x0000000709200000| Untracked 
|  42|0x0000000709400000, 0x0000000709400000, 0x0000000709600000|  0%| F|  |TAMS 0x0000000709400000| PB 0x0000000709400000| Untracked 
|  43|0x0000000709600000, 0x0000000709600000, 0x0000000709800000|  0%| F|  |TAMS 0x0000000709600000| PB 0x0000000709600000| Untracked 
|  44|0x0000000709800000, 0x0000000709800000, 0x0000000709a00000|  0%| F|  |TAMS 0x0000000709800000| PB 0x0000000709800000| Untracked 
|  45|0x0000000709a00000, 0x0000000709a00000, 0x0000000709c00000|  0%| F|  |TAMS 0x0000000709a00000| PB 0x0000000709a00000| Untracked 
|  46|0x0000000709c00000, 0x0000000709c00000, 0x0000000709e00000|  0%| F|  |TAMS 0x0000000709c00000| PB 0x0000000709c00000| Untracked 
|  47|0x0000000709e00000, 0x0000000709e00000, 0x000000070a000000|  0%| F|  |TAMS 0x0000000709e00000| PB 0x0000000709e00000| Untracked 
|  48|0x000000070a000000, 0x000000070a000000, 0x000000070a200000|  0%| F|  |TAMS 0x000000070a000000| PB 0x000000070a000000| Untracked 
|  49|0x000000070a200000, 0x000000070a200000, 0x000000070a400000|  0%| F|  |TAMS 0x000000070a200000| PB 0x000000070a200000| Untracked 
|  50|0x000000070a400000, 0x000000070a400000, 0x000000070a600000|  0%| F|  |TAMS 0x000000070a400000| PB 0x000000070a400000| Untracked 
|  51|0x000000070a600000, 0x000000070a600000, 0x000000070a800000|  0%| F|  |TAMS 0x000000070a600000| PB 0x000000070a600000| Untracked 
|  52|0x000000070a800000, 0x000000070a800000, 0x000000070aa00000|  0%| F|  |TAMS 0x000000070a800000| PB 0x000000070a800000| Untracked 
|  53|0x000000070aa00000, 0x000000070aa00000, 0x000000070ac00000|  0%| F|  |TAMS 0x000000070aa00000| PB 0x000000070aa00000| Untracked 
|  54|0x000000070ac00000, 0x000000070ac00000, 0x000000070ae00000|  0%| F|  |TAMS 0x000000070ac00000| PB 0x000000070ac00000| Untracked 
|  55|0x000000070ae00000, 0x000000070ae00000, 0x000000070b000000|  0%| F|  |TAMS 0x000000070ae00000| PB 0x000000070ae00000| Untracked 
|  56|0x000000070b000000, 0x000000070b000000, 0x000000070b200000|  0%| F|  |TAMS 0x000000070b000000| PB 0x000000070b000000| Untracked 
|  57|0x000000070b200000, 0x000000070b200000, 0x000000070b400000|  0%| F|  |TAMS 0x000000070b200000| PB 0x000000070b200000| Untracked 
|  58|0x000000070b400000, 0x000000070b400000, 0x000000070b600000|  0%| F|  |TAMS 0x000000070b400000| PB 0x000000070b400000| Untracked 
|  59|0x000000070b600000, 0x000000070b600000, 0x000000070b800000|  0%| F|  |TAMS 0x000000070b600000| PB 0x000000070b600000| Untracked 
|  60|0x000000070b800000, 0x000000070b800000, 0x000000070ba00000|  0%| F|  |TAMS 0x000000070b800000| PB 0x000000070b800000| Untracked 
|  61|0x000000070ba00000, 0x000000070ba00000, 0x000000070bc00000|  0%| F|  |TAMS 0x000000070ba00000| PB 0x000000070ba00000| Untracked 
|  62|0x000000070bc00000, 0x000000070bc00000, 0x000000070be00000|  0%| F|  |TAMS 0x000000070bc00000| PB 0x000000070bc00000| Untracked 
|  63|0x000000070be00000, 0x000000070be00000, 0x000000070c000000|  0%| F|  |TAMS 0x000000070be00000| PB 0x000000070be00000| Untracked 
|  64|0x000000070c000000, 0x000000070c000000, 0x000000070c200000|  0%| F|  |TAMS 0x000000070c000000| PB 0x000000070c000000| Untracked 
|  65|0x000000070c200000, 0x000000070c200000, 0x000000070c400000|  0%| F|  |TAMS 0x000000070c200000| PB 0x000000070c200000| Untracked 
|  66|0x000000070c400000, 0x000000070c400000, 0x000000070c600000|  0%| F|  |TAMS 0x000000070c400000| PB 0x000000070c400000| Untracked 
|  67|0x000000070c600000, 0x000000070c600000, 0x000000070c800000|  0%| F|  |TAMS 0x000000070c600000| PB 0x000000070c600000| Untracked 
|  68|0x000000070c800000, 0x000000070c800000, 0x000000070ca00000|  0%| F|  |TAMS 0x000000070c800000| PB 0x000000070c800000| Untracked 
|  69|0x000000070ca00000, 0x000000070ca00000, 0x000000070cc00000|  0%| F|  |TAMS 0x000000070ca00000| PB 0x000000070ca00000| Untracked 
|  70|0x000000070cc00000, 0x000000070cc00000, 0x000000070ce00000|  0%| F|  |TAMS 0x000000070cc00000| PB 0x000000070cc00000| Untracked 
|  71|0x000000070ce00000, 0x000000070ce00000, 0x000000070d000000|  0%| F|  |TAMS 0x000000070ce00000| PB 0x000000070ce00000| Untracked 
|  72|0x000000070d000000, 0x000000070d000000, 0x000000070d200000|  0%| F|  |TAMS 0x000000070d000000| PB 0x000000070d000000| Untracked 
|  73|0x000000070d200000, 0x000000070d200000, 0x000000070d400000|  0%| F|  |TAMS 0x000000070d200000| PB 0x000000070d200000| Untracked 
|  74|0x000000070d400000, 0x000000070d400000, 0x000000070d600000|  0%| F|  |TAMS 0x000000070d400000| PB 0x000000070d400000| Untracked 
|  75|0x000000070d600000, 0x000000070d600000, 0x000000070d800000|  0%| F|  |TAMS 0x000000070d600000| PB 0x000000070d600000| Untracked 
|  76|0x000000070d800000, 0x000000070d800000, 0x000000070da00000|  0%| F|  |TAMS 0x000000070d800000| PB 0x000000070d800000| Untracked 
|  77|0x000000070da00000, 0x000000070da00000, 0x000000070dc00000|  0%| F|  |TAMS 0x000000070da00000| PB 0x000000070da00000| Untracked 
|  78|0x000000070dc00000, 0x000000070dc00000, 0x000000070de00000|  0%| F|  |TAMS 0x000000070dc00000| PB 0x000000070dc00000| Untracked 
|  79|0x000000070de00000, 0x000000070de00000, 0x000000070e000000|  0%| F|  |TAMS 0x000000070de00000| PB 0x000000070de00000| Untracked 
|  80|0x000000070e000000, 0x000000070e000000, 0x000000070e200000|  0%| F|  |TAMS 0x000000070e000000| PB 0x000000070e000000| Untracked 
|  81|0x000000070e200000, 0x000000070e200000, 0x000000070e400000|  0%| F|  |TAMS 0x000000070e200000| PB 0x000000070e200000| Untracked 
|  82|0x000000070e400000, 0x000000070e400000, 0x000000070e600000|  0%| F|  |TAMS 0x000000070e400000| PB 0x000000070e400000| Untracked 
|  83|0x000000070e600000, 0x000000070e600000, 0x000000070e800000|  0%| F|  |TAMS 0x000000070e600000| PB 0x000000070e600000| Untracked 
|  84|0x000000070e800000, 0x000000070e800000, 0x000000070ea00000|  0%| F|  |TAMS 0x000000070e800000| PB 0x000000070e800000| Untracked 
|  85|0x000000070ea00000, 0x000000070ea00000, 0x000000070ec00000|  0%| F|  |TAMS 0x000000070ea00000| PB 0x000000070ea00000| Untracked 
|  86|0x000000070ec00000, 0x000000070ec00000, 0x000000070ee00000|  0%| F|  |TAMS 0x000000070ec00000| PB 0x000000070ec00000| Untracked 
|  87|0x000000070ee00000, 0x000000070ee00000, 0x000000070f000000|  0%| F|  |TAMS 0x000000070ee00000| PB 0x000000070ee00000| Untracked 
|  88|0x000000070f000000, 0x000000070f000000, 0x000000070f200000|  0%| F|  |TAMS 0x000000070f000000| PB 0x000000070f000000| Untracked 
|  89|0x000000070f200000, 0x000000070f200000, 0x000000070f400000|  0%| F|  |TAMS 0x000000070f200000| PB 0x000000070f200000| Untracked 
|  90|0x000000070f400000, 0x000000070f400000, 0x000000070f600000|  0%| F|  |TAMS 0x000000070f400000| PB 0x000000070f400000| Untracked 
|  91|0x000000070f600000, 0x000000070f600000, 0x000000070f800000|  0%| F|  |TAMS 0x000000070f600000| PB 0x000000070f600000| Untracked 
|  92|0x000000070f800000, 0x000000070f800000, 0x000000070fa00000|  0%| F|  |TAMS 0x000000070f800000| PB 0x000000070f800000| Untracked 
|  93|0x000000070fa00000, 0x000000070fa00000, 0x000000070fc00000|  0%| F|  |TAMS 0x000000070fa00000| PB 0x000000070fa00000| Untracked 
|  94|0x000000070fc00000, 0x000000070fc00000, 0x000000070fe00000|  0%| F|  |TAMS 0x000000070fc00000| PB 0x000000070fc00000| Untracked 
|  95|0x000000070fe00000, 0x000000070fe00000, 0x0000000710000000|  0%| F|  |TAMS 0x000000070fe00000| PB 0x000000070fe00000| Untracked 
|  96|0x0000000710000000, 0x0000000710000000, 0x0000000710200000|  0%| F|  |TAMS 0x0000000710000000| PB 0x0000000710000000| Untracked 
|  97|0x0000000710200000, 0x0000000710200000, 0x0000000710400000|  0%| F|  |TAMS 0x0000000710200000| PB 0x0000000710200000| Untracked 
|  98|0x0000000710400000, 0x0000000710400000, 0x0000000710600000|  0%| F|  |TAMS 0x0000000710400000| PB 0x0000000710400000| Untracked 
|  99|0x0000000710600000, 0x0000000710600000, 0x0000000710800000|  0%| F|  |TAMS 0x0000000710600000| PB 0x0000000710600000| Untracked 
| 100|0x0000000710800000, 0x0000000710800000, 0x0000000710a00000|  0%| F|  |TAMS 0x0000000710800000| PB 0x0000000710800000| Untracked 
| 101|0x0000000710a00000, 0x0000000710c00000, 0x0000000710c00000|100%| S|CS|TAMS 0x0000000710a00000| PB 0x0000000710a00000| Complete 
| 102|0x0000000710c00000, 0x0000000710e00000, 0x0000000710e00000|100%| S|CS|TAMS 0x0000000710c00000| PB 0x0000000710c00000| Complete 
| 103|0x0000000710e00000, 0x0000000711000000, 0x0000000711000000|100%| S|CS|TAMS 0x0000000710e00000| PB 0x0000000710e00000| Complete 
| 104|0x0000000711000000, 0x0000000711122a80, 0x0000000711200000| 56%| E|  |TAMS 0x0000000711000000| PB 0x0000000711000000| Complete 
| 105|0x0000000711200000, 0x0000000711400000, 0x0000000711400000|100%| E|CS|TAMS 0x0000000711200000| PB 0x0000000711200000| Complete 
| 106|0x0000000711400000, 0x0000000711600000, 0x0000000711600000|100%| E|CS|TAMS 0x0000000711400000| PB 0x0000000711400000| Complete 
| 107|0x0000000711600000, 0x0000000711800000, 0x0000000711800000|100%| E|CS|TAMS 0x0000000711600000| PB 0x0000000711600000| Complete 
| 108|0x0000000711800000, 0x0000000711a00000, 0x0000000711a00000|100%| E|CS|TAMS 0x0000000711800000| PB 0x0000000711800000| Complete 
| 109|0x0000000711a00000, 0x0000000711bffee8, 0x0000000711c00000| 99%| E|  |TAMS 0x0000000711a00000| PB 0x0000000711a00000| Complete 
| 110|0x0000000711c00000, 0x0000000711e00000, 0x0000000711e00000|100%| E|CS|TAMS 0x0000000711c00000| PB 0x0000000711c00000| Complete 
| 111|0x0000000711e00000, 0x0000000712000000, 0x0000000712000000|100%| E|CS|TAMS 0x0000000711e00000| PB 0x0000000711e00000| Complete 
| 112|0x0000000712000000, 0x0000000712200000, 0x0000000712200000|100%| E|CS|TAMS 0x0000000712000000| PB 0x0000000712000000| Complete 
| 113|0x0000000712200000, 0x0000000712400000, 0x0000000712400000|100%| E|CS|TAMS 0x0000000712200000| PB 0x0000000712200000| Complete 
| 114|0x0000000712400000, 0x0000000712600000, 0x0000000712600000|100%| E|CS|TAMS 0x0000000712400000| PB 0x0000000712400000| Complete 
| 115|0x0000000712600000, 0x0000000712800000, 0x0000000712800000|100%| E|CS|TAMS 0x0000000712600000| PB 0x0000000712600000| Complete 
| 116|0x0000000712800000, 0x0000000712a00000, 0x0000000712a00000|100%| E|CS|TAMS 0x0000000712800000| PB 0x0000000712800000| Complete 
| 117|0x0000000712a00000, 0x0000000712c00000, 0x0000000712c00000|100%| E|CS|TAMS 0x0000000712a00000| PB 0x0000000712a00000| Complete 
| 118|0x0000000712c00000, 0x0000000712e00000, 0x0000000712e00000|100%| E|CS|TAMS 0x0000000712c00000| PB 0x0000000712c00000| Complete 
| 119|0x0000000712e00000, 0x0000000713000000, 0x0000000713000000|100%| E|CS|TAMS 0x0000000712e00000| PB 0x0000000712e00000| Complete 
| 120|0x0000000713000000, 0x0000000713200000, 0x0000000713200000|100%| E|CS|TAMS 0x0000000713000000| PB 0x0000000713000000| Complete 
| 121|0x0000000713200000, 0x0000000713400000, 0x0000000713400000|100%| E|CS|TAMS 0x0000000713200000| PB 0x0000000713200000| Complete 
| 122|0x0000000713400000, 0x0000000713600000, 0x0000000713600000|100%| E|CS|TAMS 0x0000000713400000| PB 0x0000000713400000| Complete 
| 123|0x0000000713600000, 0x0000000713800000, 0x0000000713800000|100%| E|CS|TAMS 0x0000000713600000| PB 0x0000000713600000| Complete 
| 124|0x0000000713800000, 0x0000000713a00000, 0x0000000713a00000|100%| E|CS|TAMS 0x0000000713800000| PB 0x0000000713800000| Complete 
| 125|0x0000000713a00000, 0x0000000713c00000, 0x0000000713c00000|100%| E|CS|TAMS 0x0000000713a00000| PB 0x0000000713a00000| Complete 

Card table byte_map: [0x000002284d7c0000,0x000002284dfa0000] _byte_map_base: 0x0000022849fa0000

Marking Bits: (CMBitMap*) 0x0000022833516dc0
 Bits: [0x000002284dfa0000, 0x0000022851ea0000)

Polling page: 0x0000022833570000

Metaspace:

Usage:
  Non-class:     17.48 MB used.
      Class:      2.11 MB used.
       Both:     19.58 MB used.

Virtual space:
  Non-class space:       64.00 MB reserved,      17.62 MB ( 28%) committed,  1 nodes.
      Class space:        1.00 GB reserved,       2.19 MB ( <1%) committed,  1 nodes.
             Both:        1.06 GB reserved,      19.81 MB (  2%) committed. 

Chunk freelists:
   Non-Class:  14.23 MB
       Class:  13.63 MB
        Both:  27.86 MB

MaxMetaspaceSize: unlimited
CompressedClassSpaceSize: 1.00 GB
Initial GC threshold: 21.00 MB
Current GC threshold: 21.00 MB
CDS: on
 - commit_granule_bytes: 65536.
 - commit_granule_words: 8192.
 - virtual_space_node_default_size: 8388608.
 - enlarge_chunks_in_place: 1.
 - use_allocation_guard: 0.


Internal statistics:

num_allocs_failed_limit: 0.
num_arena_births: 208.
num_arena_deaths: 0.
num_vsnodes_births: 2.
num_vsnodes_deaths: 0.
num_space_committed: 317.
num_space_uncommitted: 0.
num_chunks_returned_to_freelist: 0.
num_chunks_taken_from_freelist: 437.
num_chunk_merges: 0.
num_chunk_splits: 280.
num_chunks_enlarged: 182.
num_inconsistent_stats: 0.

CodeHeap 'non-profiled nmethods': size=120000Kb used=2123Kb max_used=2123Kb free=117876Kb
 bounds [0x0000022844e20000, 0x0000022845090000, 0x000002284c350000]
CodeHeap 'profiled nmethods': size=120000Kb used=8945Kb max_used=8945Kb free=111054Kb
 bounds [0x000002283d350000, 0x000002283dc10000, 0x0000022844880000]
CodeHeap 'non-nmethods': size=5760Kb used=1978Kb max_used=2014Kb free=3781Kb
 bounds [0x0000022844880000, 0x0000022844af0000, 0x0000022844e20000]
 total_blobs=5439 nmethods=4660 adapters=681
 compilation: enabled
              stopped_count=0, restarted_count=0
 full_count=0

Compilation events (20 events):
Event: 106.256 Thread 0x0000022854baa880 nmethod 4655 0x000002283dc0a790 code [0x000002283dc0a960, 0x000002283dc0adc0]
Event: 106.256 Thread 0x0000022854baa880 4656       3       java.util.concurrent.locks.LockSupport::setBlocker (12 bytes)
Event: 106.256 Thread 0x0000022854baa880 nmethod 4656 0x000002283dc0af90 code [0x000002283dc0b140, 0x000002283dc0b350]
Event: 106.466 Thread 0x0000022854baa880 4657       3       java.util.concurrent.TimeUnit::toNanos (45 bytes)
Event: 106.466 Thread 0x0000022854baa880 nmethod 4657 0x000002283dc0b410 code [0x000002283dc0b5c0, 0x000002283dc0b828]
Event: 106.782 Thread 0x0000022854baa880 4658       3       javax.swing.plaf.basic.BasicTabbedPaneUI::scrollableTabLayoutEnabled (11 bytes)
Event: 106.782 Thread 0x0000022854baa880 nmethod 4658 0x000002283dc0b890 code [0x000002283dc0ba20, 0x000002283dc0bcd0]
Event: 106.820 Thread 0x0000022854baa880 4659       3       java.util.PriorityQueue::peek (7 bytes)
Event: 106.820 Thread 0x0000022854baa880 nmethod 4659 0x000002283dc0bd90 code [0x000002283dc0bf20, 0x000002283dc0c060]
Event: 106.826 Thread 0x0000022854baa880 4660       1       javax.swing.TimerQueue$DelayedTimer::getTimer (5 bytes)
Event: 106.826 Thread 0x0000022854baa880 nmethod 4660 0x0000022845031d90 code [0x0000022845031f20, 0x0000022845031ff0]
Event: 106.834 Thread 0x0000022854baa880 4661       3       javax.swing.TimerQueue::now (8 bytes)
Event: 106.834 Thread 0x0000022854baa880 nmethod 4661 0x000002283dc0c110 code [0x000002283dc0c2a0, 0x000002283dc0c3c0]
Event: 106.842 Thread 0x0000022854baa880 4662       1       javax.swing.Timer::getInitialDelay (5 bytes)
Event: 106.842 Thread 0x0000022854baa880 nmethod 4662 0x0000022845032090 code [0x0000022845032220, 0x00000228450322e8]
Event: 107.247 Thread 0x0000022854ba7d90 4663       4       java.security.AccessControlContext::<init> (63 bytes)
Event: 107.250 Thread 0x0000022854ba7d90 nmethod 4663 0x0000022845032390 code [0x0000022845032520, 0x0000022845032830]
Event: 107.628 Thread 0x0000022854ba7d90 4664       4       javax.swing.SwingUtilities::computeIntersection (189 bytes)
Event: 107.629 Thread 0x0000022854ba7d90 nmethod 4664 0x0000022845032910 code [0x0000022845032aa0, 0x0000022845032c38]
Event: 107.944 Thread 0x0000022854ba7d90 4665       4       java.awt.Toolkit$SelectiveAWTEventListener::eventDispatched (745 bytes)

GC Heap History (4 events):
Event: 0.267 GC heap before
{Heap before GC invocations=0 (full 0):
 garbage-first heap   total 258048K, used 22528K [0x0000000704000000, 0x0000000800000000)
  region size 2048K, 11 young (22528K), 0 survivors (0K)
 Metaspace       used 976K, committed 1152K, reserved 1114112K
  class space    used 75K, committed 192K, reserved 1048576K
}
Event: 0.273 GC heap after
{Heap after GC invocations=1 (full 0):
 garbage-first heap   total 258048K, used 4202K [0x0000000704000000, 0x0000000800000000)
  region size 2048K, 2 young (4096K), 2 survivors (4096K)
 Metaspace       used 976K, committed 1152K, reserved 1114112K
  class space    used 75K, committed 192K, reserved 1048576K
}
Event: 1.021 GC heap before
{Heap before GC invocations=1 (full 0):
 garbage-first heap   total 258048K, used 45162K [0x0000000704000000, 0x0000000800000000)
  region size 2048K, 22 young (45056K), 2 survivors (4096K)
 Metaspace       used 11878K, committed 12096K, reserved 1114112K
  class space    used 1325K, committed 1408K, reserved 1048576K
}
Event: 1.030 GC heap after
{Heap after GC invocations=2 (full 0):
 garbage-first heap   total 258048K, used 9741K [0x0000000704000000, 0x0000000800000000)
  region size 2048K, 3 young (6144K), 3 survivors (6144K)
 Metaspace       used 11878K, committed 12096K, reserved 1114112K
  class space    used 1325K, committed 1408K, reserved 1048576K
}

Dll operation events (10 events):
Event: 0.006 Loaded shared library C:\Java\bin\java.dll
Event: 0.032 Loaded shared library C:\Java\bin\jsvml.dll
Event: 0.051 Loaded shared library C:\Java\bin\net.dll
Event: 0.052 Loaded shared library C:\Java\bin\nio.dll
Event: 0.109 Loaded shared library C:\Java\bin\zip.dll
Event: 0.364 Loaded shared library C:\Java\bin\jimage.dll
Event: 0.398 Loaded shared library C:\Java\bin\awt.dll
Event: 0.636 Loaded shared library C:\Java\bin\freetype.dll
Event: 0.636 Loaded shared library C:\Java\bin\fontmanager.dll
Event: 1.287 Loaded shared library C:\Java\bin\verify.dll

Deoptimization events (20 events):
Event: 3.699 Thread 0x000002289abc0280 DEOPT PACKING pc=0x0000022844fcdcb0 sp=0x0000009f8b6fdd50
Event: 3.699 Thread 0x000002289abc0280 DEOPT UNPACKING pc=0x00000228448d7da2 sp=0x0000009f8b6fdcd0 mode 2
Event: 3.699 Thread 0x000002289abc0280 Uncommon trap: trap_request=0xffffffde fr.pc=0x0000022844fcdcb0 relative=0x0000000000000090
Event: 3.699 Thread 0x000002289abc0280 Uncommon trap: reason=class_check action=maybe_recompile pc=0x0000022844fcdcb0 method=java.awt.Component.getBackground()Ljava/awt/Color; @ 21 c2
Event: 3.699 Thread 0x000002289abc0280 DEOPT PACKING pc=0x0000022844fcdcb0 sp=0x0000009f8b6fdc50
Event: 3.699 Thread 0x000002289abc0280 DEOPT UNPACKING pc=0x00000228448d7da2 sp=0x0000009f8b6fdbd0 mode 2
Event: 3.719 Thread 0x000002289abc0280 Uncommon trap: trap_request=0xffffff45 fr.pc=0x0000022844eb1008 relative=0x0000000000000428
Event: 3.719 Thread 0x000002289abc0280 Uncommon trap: reason=unstable_if action=reinterpret pc=0x0000022844eb1008 method=java.util.concurrent.ConcurrentHashMap.get(Ljava/lang/Object;)Ljava/lang/Object; @ 76 c2
Event: 3.719 Thread 0x000002289abc0280 DEOPT PACKING pc=0x0000022844eb1008 sp=0x0000009f8b6fdad0
Event: 3.719 Thread 0x000002289abc0280 DEOPT UNPACKING pc=0x00000228448d7da2 sp=0x0000009f8b6fda48 mode 2
Event: 6.576 Thread 0x000002289abc0280 Uncommon trap: trap_request=0xffffff45 fr.pc=0x0000022844f7909c relative=0x000000000000079c
Event: 6.576 Thread 0x000002289abc0280 Uncommon trap: reason=unstable_if action=reinterpret pc=0x0000022844f7909c method=java.lang.StringConcatHelper.mix(JLjava/lang/String;)J @ 13 c2
Event: 6.576 Thread 0x000002289abc0280 DEOPT PACKING pc=0x0000022844f7909c sp=0x0000009f8b6fc420
Event: 6.576 Thread 0x000002289abc0280 DEOPT UNPACKING pc=0x00000228448d7da2 sp=0x0000009f8b6fc360 mode 2
Event: 84.954 Thread 0x000002289abc0280 DEOPT PACKING pc=0x000002283db4158f sp=0x0000009f8b6fc620
Event: 84.954 Thread 0x000002289abc0280 DEOPT UNPACKING pc=0x00000228448d88e2 sp=0x0000009f8b6fba90 mode 0
Event: 87.252 Thread 0x000002289abc0280 Uncommon trap: trap_request=0xffffff6e fr.pc=0x0000022845015690 relative=0x00000000000004d0
Event: 87.252 Thread 0x000002289abc0280 Uncommon trap: reason=loop_limit_check action=maybe_recompile pc=0x0000022845015690 method=java.awt.geom.AffineTransform.transform([DI[DII)V @ 454 c2
Event: 87.252 Thread 0x000002289abc0280 DEOPT PACKING pc=0x0000022845015690 sp=0x0000009f8b6fd9c0
Event: 87.252 Thread 0x000002289abc0280 DEOPT UNPACKING pc=0x00000228448d7da2 sp=0x0000009f8b6fd8e0 mode 2

Classes loaded (20 events):
Event: 6.982 Loading class java/util/concurrent/Delayed done
Event: 6.982 Loading class javax/swing/TimerQueue$DelayedTimer done
Event: 7.297 Loading class java/awt/LightweightDispatcher$2
Event: 7.297 Loading class java/awt/LightweightDispatcher$2 done
Event: 7.504 Loading class javax/swing/Timer$1
Event: 7.504 Loading class javax/swing/Timer$1 done
Event: 83.030 Loading class java/awt/KeyboardFocusManager$4
Event: 83.030 Loading class java/awt/KeyboardFocusManager$4 done
Event: 85.310 Loading class java/awt/Canvas
Event: 85.310 Loading class java/awt/Canvas done
Event: 85.310 Loading class java/awt/Scrollbar
Event: 85.310 Loading class java/awt/Scrollbar done
Event: 90.879 Loading class java/awt/geom/RoundRectangle2D$Float
Event: 90.879 Loading class java/awt/geom/RoundRectangle2D
Event: 90.879 Loading class java/awt/geom/RoundRectangle2D done
Event: 90.879 Loading class java/awt/geom/RoundRectangle2D$Float done
Event: 90.879 Loading class java/awt/geom/RoundRectIterator
Event: 90.879 Loading class java/awt/geom/RoundRectIterator done
Event: 107.247 Loading class java/security/DomainCombiner
Event: 107.247 Loading class java/security/DomainCombiner done

Classes unloaded (0 events):
No events

Classes redefined (0 events):
No events

Internal exceptions (20 events):
Event: 0.508 Thread 0x000002289abc0280 Implicit null exception at 0x0000022844e76fb9 to 0x0000022844e7724c
Event: 0.520 Thread 0x000002289abdc960 Implicit null exception at 0x0000022844e93f20 to 0x0000022844e945e0
Event: 0.520 Thread 0x000002289abdc960 Implicit null exception at 0x0000022844e5c420 to 0x0000022844e5cae4
Event: 0.567 Thread 0x000002289abdc960 Exception <a 'java/lang/NoSuchMethodError'{0x0000000711629960}: 'java.lang.Object java.lang.invoke.DirectMethodHandle$Holder.newInvokeSpecial(java.lang.Object, java.lang.Object, java.lang.Object, int, int, int, int, int)'> (0x0000000711629960) 
thrown [s\src\hotspot\share\interpreter\linkResolver.cpp, line 773]
Event: 0.600 Thread 0x000002289abc0280 Exception <a 'java/lang/NoSuchMethodError'{0x0000000711693170}: 'void java.lang.invoke.DirectMethodHandle$Holder.invokeStaticInit(java.lang.Object)'> (0x0000000711693170) 
thrown [s\src\hotspot\share\interpreter\linkResolver.cpp, line 773]
Event: 0.867 Thread 0x000002289abc0280 Exception <a 'java/lang/NoSuchMethodError'{0x0000000711243fb0}: 'void java.lang.invoke.DirectMethodHandle$Holder.invokeStatic(java.lang.Object, java.lang.Object, java.lang.Object)'> (0x0000000711243fb0) 
thrown [s\src\hotspot\share\interpreter\linkResolver.cpp, line 773]
Event: 0.868 Thread 0x000002289abc0280 Exception <a 'java/lang/NoSuchMethodError'{0x000000071124a2a8}: 'void java.lang.invoke.DirectMethodHandle$Holder.invokeStatic(java.lang.Object, java.lang.Object)'> (0x000000071124a2a8) 
thrown [s\src\hotspot\share\interpreter\linkResolver.cpp, line 773]
Event: 0.977 Thread 0x000002289abc0280 Exception <a 'sun/nio/fs/WindowsException'{0x0000000711048098}> (0x0000000711048098) 
thrown [s\src\hotspot\share\prims\jni.cpp, line 520]
Event: 1.087 Thread 0x000002289abc0280 Exception <a 'sun/nio/fs/WindowsException'{0x000000071374fea8}> (0x000000071374fea8) 
thrown [s\src\hotspot\share\prims\jni.cpp, line 520]
Event: 1.095 Thread 0x000002289abc0280 Exception <a 'java/lang/ClassNotFoundException'{0x000000071375a8b0}: jdk/net/ExtendedSocketOptions> (0x000000071375a8b0) 
thrown [s\src\hotspot\share\classfile\systemDictionary.cpp, line 312]
Event: 1.186 Thread 0x000002289abc0280 Exception <a 'java/lang/NoSuchMethodError'{0x00000007131122e8}: 'int java.lang.invoke.DirectMethodHandle$Holder.invokeSpecial(java.lang.Object, java.lang.Object, java.lang.Object)'> (0x00000007131122e8) 
thrown [s\src\hotspot\share\interpreter\linkResolver.cpp, line 773]
Event: 1.189 Thread 0x000002289abc0280 Exception <a 'java/lang/NoSuchMethodError'{0x0000000713139fc0}: 'void java.lang.invoke.DirectMethodHandle$Holder.invokeStaticInit(java.lang.Object, java.lang.Object)'> (0x0000000713139fc0) 
thrown [s\src\hotspot\share\interpreter\linkResolver.cpp, line 773]
Event: 1.191 Thread 0x000002289abc0280 Exception <a 'java/lang/NoSuchMethodError'{0x000000071314eab8}: 'void java.lang.invoke.DirectMethodHandle$Holder.invokeInterface(java.lang.Object, java.lang.Object)'> (0x000000071314eab8) 
thrown [s\src\hotspot\share\interpreter\linkResolver.cpp, line 773]
Event: 1.427 Thread 0x000002289abc0280 Implicit null exception at 0x0000022844f67e17 to 0x0000022844f67f08
Event: 1.465 Thread 0x000002289abc0280 Implicit null exception at 0x0000022844e6d47d to 0x0000022844e6d5a0
Event: 1.466 Thread 0x000002289abc0280 Exception <a 'sun/nio/fs/WindowsException'{0x00000007128f4100}> (0x00000007128f4100) 
thrown [s\src\hotspot\share\prims\jni.cpp, line 520]
Event: 1.635 Thread 0x000002289abc0280 Exception <a 'java/lang/NoSuchMethodError'{0x0000000712143e70}: 'void java.lang.invoke.DirectMethodHandle$Holder.invokeStatic(java.lang.Object, java.lang.Object, double)'> (0x0000000712143e70) 
thrown [s\src\hotspot\share\interpreter\linkResolver.cpp, line 773]
Event: 1.640 Thread 0x000002289abc0280 Exception <a 'java/lang/NoSuchMethodError'{0x0000000712168fc8}: 'int java.lang.invoke.DirectMethodHandle$Holder.invokeVirtual(java.lang.Object, java.lang.Object)'> (0x0000000712168fc8) 
thrown [s\src\hotspot\share\interpreter\linkResolver.cpp, line 773]
Event: 1.651 Thread 0x000002289abc0280 Exception <a 'java/lang/NoSuchMethodError'{0x00000007121ba148}: 'java.lang.Object java.lang.invoke.DirectMethodHandle$Holder.newInvokeSpecial(java.lang.Object, int, java.lang.Object)'> (0x00000007121ba148) 
thrown [s\src\hotspot\share\interpreter\linkResolver.cpp, line 773]
Event: 1.794 Thread 0x000002289abc0280 Exception <a 'sun/nio/fs/WindowsException'{0x0000000711dfaa78}> (0x0000000711dfaa78) 
thrown [s\src\hotspot\share\prims\jni.cpp, line 520]

ZGC Phase Switch (0 events):
No events

VM Operations (20 events):
Event: 88.374 Executing VM operation: Cleanup
Event: 88.374 Executing VM operation: Cleanup done
Event: 89.388 Executing VM operation: Cleanup
Event: 89.388 Executing VM operation: Cleanup done
Event: 90.394 Executing VM operation: Cleanup
Event: 90.394 Executing VM operation: Cleanup done
Event: 91.403 Executing VM operation: Cleanup
Event: 91.403 Executing VM operation: Cleanup done
Event: 92.411 Executing VM operation: Cleanup
Event: 92.411 Executing VM operation: Cleanup done
Event: 94.440 Executing VM operation: Cleanup
Event: 94.440 Executing VM operation: Cleanup done
Event: 95.450 Executing VM operation: Cleanup
Event: 95.450 Executing VM operation: Cleanup done
Event: 96.452 Executing VM operation: Cleanup
Event: 96.453 Executing VM operation: Cleanup done
Event: 97.463 Executing VM operation: Cleanup
Event: 97.463 Executing VM operation: Cleanup done
Event: 98.473 Executing VM operation: Cleanup
Event: 98.473 Executing VM operation: Cleanup done

Memory protections (0 events):
No events

Nmethod flushes (0 events):
No events

Events (20 events):
Event: 0.031 Thread 0x0000022833241b40 Thread added: 0x0000022854ba7d90
Event: 0.031 Thread 0x0000022833241b40 Thread added: 0x0000022854baa880
Event: 0.047 Thread 0x0000022833241b40 Thread added: 0x000002289a0a8950
Event: 0.124 Thread 0x0000022854baa880 Thread added: 0x000002289a3272e0
Event: 0.126 Thread 0x0000022854baa880 Thread added: 0x000002289a327da0
Event: 0.346 Thread 0x0000022833241b40 Thread added: 0x000002289ad4b5c0
Event: 0.439 Thread 0x0000022833241b40 Thread added: 0x000002289a80bbb0
Event: 0.440 Thread 0x0000022833241b40 Thread added: 0x000002289ac55d50
Event: 0.440 Thread 0x0000022833241b40 Thread added: 0x000002289ac567d0
Event: 0.451 Thread 0x0000022833241b40 Thread added: 0x000002289abc0280
Event: 0.451 Thread 0x0000022833241b40 Thread exited: 0x0000022833241b40
Event: 0.451 Thread 0x0000022833241b40 Thread added: 0x0000022833241b40
Event: 0.515 Thread 0x000002289abc0280 Thread added: 0x000002289abdc960
Event: 0.960 Thread 0x000002289abc0280 Thread added: 0x000002289ab485a0
Event: 0.973 Thread 0x000002289abc0280 Thread added: 0x000002289b7d4440
Event: 1.922 Thread 0x000002289a327da0 Thread exited: 0x000002289a327da0
Event: 2.296 Thread 0x000002289a3272e0 Thread exited: 0x000002289a3272e0
Event: 6.480 Thread 0x000002289abdc960 Thread exited: 0x000002289abdc960
Event: 94.561 Thread 0x0000022854baa880 Thread added: 0x000002289b836a90
Event: 96.295 Thread 0x000002289b836a90 Thread exited: 0x000002289b836a90


Dynamic libraries:
0x00007ff7074e0000 - 0x00007ff7074ee000 	C:\Java\bin\javaw.exe
0x00007ffd499b0000 - 0x00007ffd49bc7000 	C:\Windows\SYSTEM32\ntdll.dll
0x00007ffd48a50000 - 0x00007ffd48b14000 	C:\Windows\System32\KERNEL32.DLL
0x00007ffd46d70000 - 0x00007ffd47143000 	C:\Windows\System32\KERNELBASE.dll
0x00007ffd47340000 - 0x00007ffd47451000 	C:\Windows\System32\ucrtbase.dll
0x00007ffd37950000 - 0x00007ffd37968000 	C:\Java\bin\jli.dll
0x00007ffd30fb0000 - 0x00007ffd30fcb000 	C:\Java\bin\VCRUNTIME140.dll
0x00007ffd48630000 - 0x00007ffd487e1000 	C:\Windows\System32\USER32.dll
0x00007ffd46ac0000 - 0x00007ffd46ae6000 	C:\Windows\System32\win32u.dll
0x00007ffd49820000 - 0x00007ffd49849000 	C:\Windows\System32\GDI32.dll
0x00007ffd46c50000 - 0x00007ffd46d6b000 	C:\Windows\System32\gdi32full.dll
0x00007ffd3bf20000 - 0x00007ffd3c1b8000 	C:\Windows\WinSxS\amd64_microsoft.windows.common-controls_6595b64144ccf1df_6.0.22621.5124_none_270e8f4f7386d69d\COMCTL32.dll
0x00007ffd46bb0000 - 0x00007ffd46c4a000 	C:\Windows\System32\msvcp_win.dll
0x00007ffd493c0000 - 0x00007ffd49467000 	C:\Windows\System32\msvcrt.dll
0x00007ffd485f0000 - 0x00007ffd48621000 	C:\Windows\System32\IMM32.DLL
0x00007ffd37920000 - 0x00007ffd3792c000 	C:\Java\bin\vcruntime140_1.dll
0x00007ffce7740000 - 0x00007ffce77ce000 	C:\Java\bin\msvcp140.dll
0x00007ffcb81e0000 - 0x00007ffcb8f68000 	C:\Java\bin\server\jvm.dll
0x00007ffd47650000 - 0x00007ffd47701000 	C:\Windows\System32\ADVAPI32.dll
0x00007ffd483c0000 - 0x00007ffd48468000 	C:\Windows\System32\sechost.dll
0x00007ffd47290000 - 0x00007ffd472b8000 	C:\Windows\System32\bcrypt.dll
0x00007ffd49850000 - 0x00007ffd49964000 	C:\Windows\System32\RPCRT4.dll
0x00007ffd47ec0000 - 0x00007ffd47f31000 	C:\Windows\System32\WS2_32.dll
0x00007ffd45910000 - 0x00007ffd4595d000 	C:\Windows\SYSTEM32\POWRPROF.dll
0x00007ffd3fba0000 - 0x00007ffd3fbaa000 	C:\Windows\SYSTEM32\VERSION.dll
0x00007ffd3d210000 - 0x00007ffd3d244000 	C:\Windows\SYSTEM32\WINMM.dll
0x00007ffd458f0000 - 0x00007ffd45903000 	C:\Windows\SYSTEM32\UMPDC.dll
0x00007ffd45bb0000 - 0x00007ffd45bc8000 	C:\Windows\SYSTEM32\kernel.appcore.dll
0x00007ffd408a0000 - 0x00007ffd408aa000 	C:\Java\bin\jimage.dll
0x00007ffd43ee0000 - 0x00007ffd44112000 	C:\Windows\SYSTEM32\DBGHELP.DLL
0x00007ffd48020000 - 0x00007ffd483b2000 	C:\Windows\System32\combase.dll
0x00007ffd47f40000 - 0x00007ffd48017000 	C:\Windows\System32\OLEAUT32.dll
0x00007ffd38ac0000 - 0x00007ffd38af2000 	C:\Windows\SYSTEM32\dbgcore.DLL
0x00007ffd475d0000 - 0x00007ffd4764b000 	C:\Windows\System32\bcryptPrimitives.dll
0x00007ffd30ec0000 - 0x00007ffd30edf000 	C:\Java\bin\java.dll
0x00007ffd48b20000 - 0x00007ffd493b6000 	C:\Windows\System32\SHELL32.dll
0x00007ffd47150000 - 0x00007ffd4728f000 	C:\Windows\System32\wintypes.dll
0x00007ffd449a0000 - 0x00007ffd452ba000 	C:\Windows\SYSTEM32\windows.storage.dll
0x00007ffd47db0000 - 0x00007ffd47eba000 	C:\Windows\System32\SHCORE.dll
0x00007ffd48470000 - 0x00007ffd484d3000 	C:\Windows\System32\shlwapi.dll
0x00007ffd469f0000 - 0x00007ffd46a1b000 	C:\Windows\SYSTEM32\profapi.dll
0x00007ffcd97b0000 - 0x00007ffcd9887000 	C:\Java\bin\jsvml.dll
0x00007ffd3f990000 - 0x00007ffd3f9a0000 	C:\Java\bin\net.dll
0x00007ffd40c80000 - 0x00007ffd40dac000 	C:\Windows\SYSTEM32\WINHTTP.dll
0x00007ffd46060000 - 0x00007ffd460ca000 	C:\Windows\system32\mswsock.dll
0x00007ffd2fea0000 - 0x00007ffd2feb6000 	C:\Java\bin\nio.dll
0x00007ffcfe080000 - 0x00007ffcfe098000 	C:\Java\bin\zip.dll
0x00007ffcc6920000 - 0x00007ffcc6aae000 	C:\Java\bin\awt.dll
0x00007ffd3f7b0000 - 0x00007ffd3f847000 	C:\Windows\SYSTEM32\apphelp.dll
0x00007ffd41280000 - 0x00007ffd41333000 	C:\Windows\system32\uxtheme.dll
0x00007ffd48840000 - 0x00007ffd489a0000 	C:\Windows\System32\MSCTF.dll
0x00007ffd47b90000 - 0x00007ffd47d31000 	C:\Windows\System32\ole32.dll
0x00007ffd43ae0000 - 0x00007ffd43b0e000 	C:\Windows\system32\DWMAPI.DLL
0x00007ffd31390000 - 0x00007ffd31490000 	C:\Windows\system32\opengl32.dll
0x00007ffd36ec0000 - 0x00007ffd36eed000 	C:\Windows\SYSTEM32\GLU32.dll
0x00007ffd442c0000 - 0x00007ffd442f7000 	C:\Windows\SYSTEM32\dxcore.dll
0x00007ffcdc3f0000 - 0x00007ffcdc477000 	C:\Java\bin\freetype.dll
0x00007ffccc4b0000 - 0x00007ffccc592000 	C:\Java\bin\fontmanager.dll
0x00007ffd45600000 - 0x00007ffd45702000 	C:\Windows\SYSTEM32\DNSAPI.dll
0x00007ffd455d0000 - 0x00007ffd455fd000 	C:\Windows\SYSTEM32\IPHLPAPI.DLL
0x00007ffd494e0000 - 0x00007ffd494e9000 	C:\Windows\System32\NSI.dll
0x00007ffd3f9a0000 - 0x00007ffd3f9aa000 	C:\Windows\System32\rasadhlp.dll
0x00007ffd3f9d0000 - 0x00007ffd3fa53000 	C:\Windows\System32\fwpuclnt.dll
0x00007ffd3dc10000 - 0x00007ffd3dc20000 	C:\Java\bin\verify.dll
0x00007ffd489a0000 - 0x00007ffd48a50000 	C:\Windows\System32\clbcatq.dll
0x00007ffd41090000 - 0x00007ffd41240000 	C:\Windows\SYSTEM32\WindowsCodecs.dll
0x00007ffd1a290000 - 0x00007ffd1a2ee000 	C:\Windows\system32\dataexchange.dll
0x00007ffd39cb0000 - 0x00007ffd39f56000 	C:\Windows\system32\twinapi.appcore.dll
0x00007ffd1e070000 - 0x00007ffd1e1b4000 	C:\Windows\SYSTEM32\textinputframework.dll
0x00007ffd3f470000 - 0x00007ffd3f5a5000 	C:\Windows\SYSTEM32\CoreMessaging.dll
0x00007ffd3bbb0000 - 0x00007ffd3bf1c000 	C:\Windows\SYSTEM32\CoreUIComponents.dll
0x00007ffd462d0000 - 0x00007ffd462dc000 	C:\Windows\SYSTEM32\CRYPTBASE.DLL

dbghelp: loaded successfully - version: 4.0.5 - missing functions: none
symbol engine: initialized successfully - sym options: 0x614 - pdb path: .;C:\Java\bin;C:\Windows\SYSTEM32;C:\Windows\WinSxS\amd64_microsoft.windows.common-controls_6595b64144ccf1df_6.0.22621.5124_none_270e8f4f7386d69d;C:\Java\bin\server

VM Arguments:
jvm_args: -Dfile.encoding=UTF-8 -Dstdout.encoding=UTF-8 -Dstderr.encoding=UTF-8 --module-path=D:\GitHub\PTTKHTTT_2024-2025\bin;D:\GitHub\PTTKHTTT_2024-2025\mysql-connector-j-9.2.0.jar;D:\GitHub\PTTKHTTT_2024-2025\lib\commons-collections4-4.4.jar;D:\GitHub\PTTKHTTT_2024-2025\lib\commons-compress-1.21.jar;D:\GitHub\PTTKHTTT_2024-2025\lib\commons-codec-1.15.jar;D:\GitHub\PTTKHTTT_2024-2025\lib\commons-io-2.11.0.jar;D:\GitHub\PTTKHTTT_2024-2025\lib\commons-logging-1.2.jar;D:\GitHub\PTTKHTTT_2024-2025\lib\commons-math3-3.6.1.jar;D:\GitHub\PTTKHTTT_2024-2025\lib\curvesapi-1.07.jar;D:\GitHub\PTTKHTTT_2024-2025\lib\itextpdf-5.5.13.4.jar;D:\GitHub\PTTKHTTT_2024-2025\lib\jakarta.activation-2.0.1.jar;D:\GitHub\PTTKHTTT_2024-2025\lib\jakarta.xml.bind-api-3.0.1.jar;D:\GitHub\PTTKHTTT_2024-2025\lib\log4j-api-2.18.0.jar;D:\GitHub\PTTKHTTT_2024-2025\lib\log4j-api-2.24.3.jar;D:\GitHub\PTTKHTTT_2024-2025\lib\log4j-api-test-2.24.3.jar;D:\GitHub\PTTKHTTT_2024-2025\lib\log4j-core-2.24.3.jar;D:\GitHub\PTTKHTTT_2024-2025\lib\log4j-core-test-2.24.3.jar;D:\GitHub\PTTKHTTT_2024-2025\lib\poi-5.2.3.jar;D:\GitHub\PTTKHTTT_2024-2025\lib\poi-examples-5.2.3.jar;D:\GitHub\PTTKHTTT_2024-2025\lib\poi-excelant-5.2.3.jar;D:\GitHub\PTTKHTTT_2024-2025\lib\poi-javadoc-5.2.3.jar;D:\GitHub\PTTKHTTT_2024-2025\lib\poi-ooxml-5.2.3.jar;D:\GitHub\PTTKHTTT_2024-2025\lib\poi-ooxml-full-5.2.3.jar;D:\GitHub\PTTKHTTT_2024-2025\lib\poi-ooxml-lite-5.2.3.jar;D:\GitHub\PTTKHTTT_2024-2025\lib\poi-scratchpad-5.2.3.jar;D:\GitHub\PTTKHTTT_2024-2025\lib\slf4j-api-1.7.36.jar;D:\GitHub\PTTKHTTT_2024-2025\lib\SparseBitSet-1.2.jar;D:\GitHub\PTTKHTTT_2024-2025\lib\xmlbeans-5.1.1.jar;D:\GitHub\PTTKHTTT_2024-2025\lib\jcalendar-1.4.jar;D:\GitHub\PTTKHTTT_2024-2025\lib\jfreechart-1.5.3.jar;D:\GitHub\PTTKHTTT_2024-2025\lib\jfreechart-1.5.5-javadoc.jar;D:\GitHub\PTTKHTTT_2024-2025\lib\jfreechart-1.5.5-sources.jar;D:\GitHub\PTTKHTTT_2024-2025\lib\jcommon-1.0.23.jar -XX:+ShowCodeDetailsInExceptionMessages -Djdk.module.main=QLBanGiay 
java_command: QLBanGiay/GUI.MainGUI
java_class_path (initial): <not set>
Launcher Type: SUN_STANDARD

[Global flags]
     intx CICompilerCount                          = 4                                         {product} {ergonomic}
     uint ConcGCThreads                            = 3                                         {product} {ergonomic}
     uint G1ConcRefinementThreads                  = 10                                        {product} {ergonomic}
   size_t G1HeapRegionSize                         = 2097152                                   {product} {ergonomic}
    uintx GCDrainStackTargetSize                   = 64                                        {product} {ergonomic}
   size_t InitialHeapSize                          = 264241152                                 {product} {ergonomic}
   size_t MarkStackSize                            = 4194304                                   {product} {ergonomic}
   size_t MaxHeapSize                              = 4227858432                                {product} {ergonomic}
   size_t MaxNewSize                               = 2535456768                                {product} {ergonomic}
   size_t MinHeapDeltaBytes                        = 2097152                                   {product} {ergonomic}
   size_t MinHeapSize                              = 8388608                                   {product} {ergonomic}
    uintx NonNMethodCodeHeapSize                   = 5839372                                {pd product} {ergonomic}
    uintx NonProfiledCodeHeapSize                  = 122909434                              {pd product} {ergonomic}
    uintx ProfiledCodeHeapSize                     = 122909434                              {pd product} {ergonomic}
    uintx ReservedCodeCacheSize                    = 251658240                              {pd product} {ergonomic}
     bool SegmentedCodeCache                       = true                                      {product} {ergonomic}
     bool ShowCodeDetailsInExceptionMessages       = true                                   {manageable} {command line}
   size_t SoftMaxHeapSize                          = 4227858432                             {manageable} {ergonomic}
     bool UseCompressedOops                        = true                           {product lp64_product} {ergonomic}
     bool UseG1GC                                  = true                                      {product} {ergonomic}
     bool UseLargePagesIndividualAllocation        = false                                  {pd product} {ergonomic}

Logging:
Log output configuration:
 #0: stdout all=warning uptime,level,tags foldmultilines=false
 #1: stderr all=off uptime,level,tags foldmultilines=false

Environment Variables:
JAVA_HOME=C:\Java\
PATH=C:/Java/bin/server;C:/Java/bin;D:\Python313\Scripts\;D:\Python313\;D:\VMware\VMware Workstation\bin\;C:\Java\bin;C:\Program Files\Microsoft MPI\Bin\;C:\Program Files\Common Files\Oracle\Java\javapath;C:\Program Files (x86)\Common Files\Oracle\Java\javapath;C:\Windows\system32;C:\Windows;C:\Windows\System32\Wbem;C:\Windows\System32\WindowsPowerShell\v1.0\;C:\Windows\System32\OpenSSH\;C:\Program Files (x86)\NVIDIA Corporation\PhysX\Common;C:\Program Files\NVIDIA Corporation\NVIDIA NvDLISR;C:\msys64\mingw64\bin;C:\Program Files\Microsoft SQL Server\Client SDK\ODBC\170\Tools\Binn\;C:\Program Files\dotnet\;C:\Program Files (x86)\Windows Kits\10\Windows Performance Toolkit\;C:\Program Files (x86)\Microsoft SQL Server\160\Tools\Binn\;C:\Program Files\Microsoft SQL Server\160\Tools\Binn\;C:\Program Files\Microsoft SQL Server\160\DTS\Binn\;C:\Program Files (x86)\Microsoft SQL Server\160\DTS\Binn\;C:\Java\bin\;C:\MinGW\bin;D:\Git\cmd;D:\anaconda3;D:\anaconda3\Scripts;C:\Users\VAN NHUAN\AppData\Local\Microsoft\WindowsApps;C:\Users\VAN NHUAN\AppData\Local\Programs\Microsoft VS Code\bin;C:\Users\VAN NHUAN\.dotnet\tools;C:\Users\VAN NHUAN\AppData\Local\GitHubDesktop\bin;C:\Windows\System32;
USERNAME=VAN NHUAN
OS=Windows_NT
PROCESSOR_IDENTIFIER=Intel64 Family 6 Model 141 Stepping 1, GenuineIntel
TMP=C:\Users\VANNHU~1\AppData\Local\Temp
TEMP=C:\Users\VANNHU~1\AppData\Local\Temp




Periodic native trim disabled

---------------  S Y S T E M  ---------------

OS:
 Windows 11 , 64 bit Build 22621 (10.0.22621.5124)
OS uptime: 1 days 2:02 hours
Hyper-V role detected

CPU: total 12 (initial active 12) (6 cores per cpu, 2 threads per core) family 6 model 141 stepping 1 microcode 0x50, cx8, cmov, fxsr, ht, mmx, 3dnowpref, sse, sse2, sse3, ssse3, sse4.1, sse4.2, popcnt, lzcnt, tsc, tscinvbit, avx, avx2, aes, erms, clmul, bmi1, bmi2, adx, avx512f, avx512dq, avx512cd, avx512bw, avx512vl, sha, fma, vzeroupper, avx512_vpopcntdq, avx512_vpclmulqdq, avx512_vaes, avx512_vnni, clflush, clflushopt, clwb, avx512_vbmi2, avx512_vbmi, hv, rdtscp, rdpid, fsrm, gfni, avx512_bitalg, f16c, cet_ibt, cet_ss, avx512_ifma
Processor Information for all 12 processors :
  Max Mhz: 2688, Current Mhz: 2688, Mhz Limit: 2688

Memory: 4k page, system-wide physical 16122M (657M free)
TotalPageFile size 34900M (AvailPageFile size 2M)
current process WorkingSet (physical memory assigned to process): 160M, peak: 170M
current process commit charge ("private bytes"): 389M, peak: 401M

vm_info: OpenJDK 64-Bit Server VM (21.0.4+7-LTS) for windows-amd64 JRE (21.0.4+7-LTS), built on 2024-07-16T00:00:00Z by "admin" with MS VC++ 17.7 (VS2022)

END.
